2023-05-04 21:53:16 INFO     seed                :1107
2023-05-04 21:53:16 INFO     data_path           :./data/
2023-05-04 21:53:16 INFO     save_path           :./result/checkpoint/pred\transe_data2023_d_400_g_19.9_e_gpu_r_gpu_l_Logsigmoid_lr_0.01_0.1_KGE
2023-05-04 21:53:16 INFO     init_from_ckpt      :./result/checkpoint/transe/transe_data2023_d_400_g_19.9_e_gpu_r_gpu_l_Logsigmoid_lr_0.01_0.1_KGE
2023-05-04 21:53:16 INFO     data_name           :data2023
2023-05-04 21:53:16 INFO     use_dict            :False
2023-05-04 21:53:16 INFO     kv_mode             :False
2023-05-04 21:53:16 INFO     batch_size          :16
2023-05-04 21:53:16 INFO     test_batch_size     :16
2023-05-04 21:53:16 INFO     neg_sample_size     :200
2023-05-04 21:53:16 INFO     filter_eval         :False
2023-05-04 21:53:16 INFO     model_name          :transe
2023-05-04 21:53:16 INFO     embed_dim           :400
2023-05-04 21:53:16 INFO     reg_coef            :0
2023-05-04 21:53:16 INFO     loss_type           :Logsigmoid
2023-05-04 21:53:16 INFO     max_steps           :20000
2023-05-04 21:53:16 INFO     lr                  :0.01
2023-05-04 21:53:16 INFO     optimizer           :adagrad
2023-05-04 21:53:16 INFO     cpu_lr              :0.1
2023-05-04 21:53:16 INFO     cpu_optimizer       :adagrad
2023-05-04 21:53:16 INFO     mix_cpu_gpu         :False
2023-05-04 21:53:16 INFO     async_update        :False
2023-05-04 21:53:16 INFO     valid               :False
2023-05-04 21:53:16 INFO     test                :True
2023-05-04 21:53:16 INFO     task_name           :KGE
2023-05-04 21:53:16 INFO     num_workers         :2
2023-05-04 21:53:16 INFO     neg_sample_type     :chunk
2023-05-04 21:53:16 INFO     neg_deg_sample      :False
2023-05-04 21:53:16 INFO     neg_adversarial_sampling:False
2023-05-04 21:53:16 INFO     adversarial_temperature:1.0
2023-05-04 21:53:16 INFO     filter_sample       :False
2023-05-04 21:53:16 INFO     valid_percent       :1.0
2023-05-04 21:53:16 INFO     use_feature         :False
2023-05-04 21:53:16 INFO     reg_type            :norm_er
2023-05-04 21:53:16 INFO     reg_norm            :3
2023-05-04 21:53:16 INFO     weighted_loss       :False
2023-05-04 21:53:16 INFO     margin              :1.0
2023-05-04 21:53:16 INFO     pairwise            :False
2023-05-04 21:53:16 INFO     gamma               :19.9
2023-05-04 21:53:16 INFO     ote_scale           :0
2023-05-04 21:53:16 INFO     ote_size            :1
2023-05-04 21:53:16 INFO     quate_lmbda1        :0.0
2023-05-04 21:53:16 INFO     quate_lmbda2        :0.0
2023-05-04 21:53:16 INFO     num_epoch           :10
2023-05-04 21:53:16 INFO     scheduler_interval  :-1
2023-05-04 21:53:16 INFO     num_process         :1
2023-05-04 21:53:16 INFO     print_on_screen     :False
2023-05-04 21:53:16 INFO     log_interval        :1000
2023-05-04 21:53:16 INFO     save_interval       :-1
2023-05-04 21:53:16 INFO     eval_interval       :10000
2023-05-04 21:53:16 INFO     ent_emb_on_cpu      :False
2023-05-04 21:53:16 INFO     rel_emb_on_cpu      :False
2023-05-04 21:53:16 INFO     use_embedding_regularization:False
2023-05-04 21:53:16 INFO     ent_dim             :400
2023-05-04 21:53:16 INFO     rel_dim             :400
2023-05-04 21:53:16 INFO     num_chunks          :1
2024-04-24 01:04:59 INFO     seed                :1107
2024-04-24 01:04:59 INFO     data_path           :./data/
2024-04-24 01:04:59 INFO     save_path           :./result/checkpoint/pred\transe_data2023_d_400_g_19.9_e_gpu_r_gpu_l_Logsigmoid_lr_0.01_0.1_KGE
2024-04-24 01:04:59 INFO     init_from_ckpt      :./result/checkpoint/transe/transe_data2023_d_400_g_19.9_e_gpu_r_gpu_l_Logsigmoid_lr_0.01_0.1_KGE
2024-04-24 01:04:59 INFO     data_name           :data2023
2024-04-24 01:04:59 INFO     use_dict            :False
2024-04-24 01:04:59 INFO     kv_mode             :False
2024-04-24 01:04:59 INFO     batch_size          :16
2024-04-24 01:04:59 INFO     test_batch_size     :16
2024-04-24 01:04:59 INFO     neg_sample_size     :200
2024-04-24 01:04:59 INFO     filter_eval         :False
2024-04-24 01:04:59 INFO     model_name          :transe
2024-04-24 01:04:59 INFO     embed_dim           :400
2024-04-24 01:04:59 INFO     reg_coef            :0
2024-04-24 01:04:59 INFO     loss_type           :Logsigmoid
2024-04-24 01:04:59 INFO     max_steps           :20000
2024-04-24 01:04:59 INFO     lr                  :0.01
2024-04-24 01:04:59 INFO     optimizer           :adagrad
2024-04-24 01:04:59 INFO     cpu_lr              :0.1
2024-04-24 01:04:59 INFO     cpu_optimizer       :adagrad
2024-04-24 01:04:59 INFO     mix_cpu_gpu         :False
2024-04-24 01:04:59 INFO     async_update        :False
2024-04-24 01:04:59 INFO     valid               :False
2024-04-24 01:04:59 INFO     test                :True
2024-04-24 01:04:59 INFO     task_name           :KGE
2024-04-24 01:04:59 INFO     num_workers         :2
2024-04-24 01:04:59 INFO     neg_sample_type     :chunk
2024-04-24 01:04:59 INFO     neg_deg_sample      :False
2024-04-24 01:04:59 INFO     neg_adversarial_sampling:False
2024-04-24 01:04:59 INFO     adversarial_temperature:1.0
2024-04-24 01:04:59 INFO     filter_sample       :False
2024-04-24 01:04:59 INFO     valid_percent       :1.0
2024-04-24 01:04:59 INFO     use_feature         :False
2024-04-24 01:04:59 INFO     reg_type            :norm_er
2024-04-24 01:04:59 INFO     reg_norm            :3
2024-04-24 01:04:59 INFO     weighted_loss       :False
2024-04-24 01:04:59 INFO     margin              :1.0
2024-04-24 01:04:59 INFO     pairwise            :False
2024-04-24 01:04:59 INFO     gamma               :19.9
2024-04-24 01:04:59 INFO     ote_scale           :0
2024-04-24 01:04:59 INFO     ote_size            :1
2024-04-24 01:04:59 INFO     quate_lmbda1        :0.0
2024-04-24 01:04:59 INFO     quate_lmbda2        :0.0
2024-04-24 01:04:59 INFO     num_epoch           :10
2024-04-24 01:04:59 INFO     scheduler_interval  :-1
2024-04-24 01:04:59 INFO     num_process         :1
2024-04-24 01:04:59 INFO     print_on_screen     :False
2024-04-24 01:04:59 INFO     log_interval        :1000
2024-04-24 01:04:59 INFO     save_interval       :-1
2024-04-24 01:04:59 INFO     eval_interval       :10000
2024-04-24 01:04:59 INFO     ent_emb_on_cpu      :False
2024-04-24 01:04:59 INFO     rel_emb_on_cpu      :False
2024-04-24 01:04:59 INFO     use_embedding_regularization:False
2024-04-24 01:04:59 INFO     ent_dim             :400
2024-04-24 01:04:59 INFO     rel_dim             :400
2024-04-24 01:04:59 INFO     num_chunks          :1
2024-04-24 01:05:02 INFO     [evaluation] start...
2024-04-24 01:05:05 INFO     -------------- test result --------------
2024-04-24 01:05:05 INFO     t,r->h  |MRR: 0.011316590942442417 MR: 202.2093023255814 HITS@1: 0.0 HITS@3: 0.0 HITS@10: 0.011627906976744186
2024-04-24 01:05:05 INFO     h,r->t  |MRR: 0.03285631909966469 MR: 155.34883720930233 HITS@1: 0.0 HITS@3: 0.023255813953488372 HITS@10: 0.11627906976744186
2024-04-24 01:05:05 INFO     average |MRR: 0.022086454555392265 MR: 178.77906976744185 HITS@1: 0.0 HITS@3: 0.011627906976744186 HITS@10: 0.06395348837209303
2024-04-24 01:05:05 INFO     -----------------------------------------
2024-04-24 01:05:05 INFO     [evaluation] finished! It takes 2.9934 sec s
